<?xml version="1.0" encoding="UTF-8"?>
<!-- Generated by org.testng.reporters.JUnitXMLReporter -->
<testsuite ignored="0" hostname="WS-RSU" failures="0" tests="3" name="user-john" time="4.639" errors="0" timestamp="2025-03-04T09:12:20 WIB">
  <testcase classname="com.saimen.tests.vendorportal.VendorPortalTest" name="loginTest" time="0.892"/>
  <testcase classname="com.saimen.tests.vendorportal.VendorPortalTest" name="dashboardTest" time="1.586"/>
  <testcase classname="com.saimen.tests.vendorportal.VendorPortalTest" name="logoutTest" time="0.931"/>
</testsuite> <!-- user-john -->
