<?xml version="1.0" encoding="UTF-8"?>
<!-- Generated by org.testng.reporters.JUnitXMLReporter -->
<testsuite ignored="0" hostname="WS-RSU" failures="0" tests="3" name="user-sam" time="5.858" errors="0" timestamp="2025-03-04T09:12:21 WIB">
  <testcase classname="com.saimen.tests.vendorportal.VendorPortalTest" name="loginTest" time="0.895"/>
  <testcase classname="com.saimen.tests.vendorportal.VendorPortalTest" name="dashboardTest" time="2.483"/>
  <testcase classname="com.saimen.tests.vendorportal.VendorPortalTest" name="logoutTest" time="1.284"/>
</testsuite> <!-- user-sam -->
