<?xml version="1.0" encoding="UTF-8"?>
<!-- Generated by org.testng.reporters.JUnitXMLReporter -->
<testsuite ignored="0" hostname="WS-RSU" failures="0" tests="5" name="passangers-count-1" time="8.211" errors="0" timestamp="2025-03-04T09:12:15 WIB">
  <testcase classname="com.saimen.tests.flightreservation.FlightReservationTest" name="userRegistration" time="0.971"/>
  <testcase classname="com.saimen.tests.flightreservation.FlightReservationTest" name="registrationConfirmationTest" time="1.676"/>
  <testcase classname="com.saimen.tests.flightreservation.FlightReservationTest" name="flightSearchTest" time="1.656"/>
  <testcase classname="com.saimen.tests.flightreservation.FlightReservationTest" name="flightsSelectionTest" time="1.204"/>
  <testcase classname="com.saimen.tests.flightreservation.FlightReservationTest" name="flightsReservationConfirmationTest" time="0.554"/>
</testsuite> <!-- passangers-count-1 -->
